0 info it worked if it ends with ok
1 verbose cli [ 'C:\\Program Files\\nodejs\\node.exe',
1 verbose cli   'C:\\Program Files\\nodejs\\node_modules\\npm\\bin\\npm-cli.js',
1 verbose cli   'test' ]
2 info using npm@3.10.10
3 info using node@v6.11.0
4 verbose run-script [ 'pretest', 'test', 'posttest' ]
5 info lifecycle angular-bmap@1.0.1~pretest: angular-bmap@1.0.1
6 verbose lifecycle angular-bmap@1.0.1~pretest: unsafe-perm in lifecycle true
7 verbose lifecycle angular-bmap@1.0.1~pretest: PATH: C:\Program Files\nodejs\node_modules\npm\bin\node-gyp-bin;E:\jinxin\new\angular-bMap-zh\node_modules\.bin;C:\Ruby24-x64\bin;C:\Program Files\Java\jdk1.8.0_65\bin;C:\ProgramData\Oracle\Java\javapath;C:\Windows\system32;C:\Windows;C:\Windows\System32\Wbem;C:\Windows\System32\WindowsPowerShell\v1.0\;C:\Program Files (x86)\NVIDIA Corporation\PhysX\Common;C:\Program Files\TortoiseSVN\bin;C:\Program Files\Git\cmd;D:\sdk\sdk\sdk\platform-tools;D:\sdk\sdk\sdk\tools;C:\Program Files\gradle-4.0.2\bin;C:\Program Files\nodejs\;;D:\Program Files\Microsoft VS Code\bin;C:\Users\Administrator\AppData\Roaming\npm;E:\tool
8 verbose lifecycle angular-bmap@1.0.1~pretest: CWD: E:\jinxin\new\angular-bMap-zh
9 silly lifecycle angular-bmap@1.0.1~pretest: Args: [ '/d /s /c', 'npm install' ]
10 silly lifecycle angular-bmap@1.0.1~pretest: Returned: code: 0  signal: null
11 info lifecycle angular-bmap@1.0.1~test: angular-bmap@1.0.1
12 verbose lifecycle angular-bmap@1.0.1~test: unsafe-perm in lifecycle true
13 verbose lifecycle angular-bmap@1.0.1~test: PATH: C:\Program Files\nodejs\node_modules\npm\bin\node-gyp-bin;E:\jinxin\new\angular-bMap-zh\node_modules\.bin;C:\Ruby24-x64\bin;C:\Program Files\Java\jdk1.8.0_65\bin;C:\ProgramData\Oracle\Java\javapath;C:\Windows\system32;C:\Windows;C:\Windows\System32\Wbem;C:\Windows\System32\WindowsPowerShell\v1.0\;C:\Program Files (x86)\NVIDIA Corporation\PhysX\Common;C:\Program Files\TortoiseSVN\bin;C:\Program Files\Git\cmd;D:\sdk\sdk\sdk\platform-tools;D:\sdk\sdk\sdk\tools;C:\Program Files\gradle-4.0.2\bin;C:\Program Files\nodejs\;;D:\Program Files\Microsoft VS Code\bin;C:\Users\Administrator\AppData\Roaming\npm;E:\tool
14 verbose lifecycle angular-bmap@1.0.1~test: CWD: E:\jinxin\new\angular-bMap-zh
15 silly lifecycle angular-bmap@1.0.1~test: Args: [ '/d /s /c', 'karma start karma.conf.js' ]
16 silly lifecycle angular-bmap@1.0.1~test: Returned: code: 3221225786  signal: null
17 info lifecycle angular-bmap@1.0.1~test: Failed to exec test script
18 error Test failed.  See above for more details.
19 verbose exit [ 1, true ]
20 verbose stack Error: kill ENOSYS
20 verbose stack     at exports._errnoException (util.js:1018:11)
20 verbose stack     at process.kill (internal/process.js:190:13)
20 verbose stack     at process.listener (C:\Program Files\nodejs\node_modules\npm\node_modules\npmlog\node_modules\gauge\node_modules\signal-exit\index.js:86:15)
20 verbose stack     at emitNone (events.js:91:20)
20 verbose stack     at process.emit (events.js:185:7)
20 verbose stack     at processEmit (C:\Program Files\nodejs\node_modules\npm\node_modules\npmlog\node_modules\gauge\node_modules\signal-exit\index.js:146:32)
20 verbose stack     at processEmit (C:\Program Files\nodejs\node_modules\npm\node_modules\npm-registry-client\node_modules\npmlog\node_modules\gauge\node_modules\signal-exit\index.js:146:32)
20 verbose stack     at Signal.wrap.onsignal (internal/process.js:217:44)
21 verbose cwd E:\jinxin\new\angular-bMap-zh
22 error Windows_NT 6.1.7601
23 error argv "C:\\Program Files\\nodejs\\node.exe" "C:\\Program Files\\nodejs\\node_modules\\npm\\bin\\npm-cli.js" "test"
24 error node v6.11.0
25 error npm  v3.10.10
26 error code ENOSYS
27 error errno ENOSYS
28 error syscall kill
29 error kill ENOSYS
30 error If you need help, you may report this error at:
30 error     <https://github.com/npm/npm/issues>
31 verbose exit [ 1, true ]
